<?xml version="1.0" encoding="UTF-8"?>
<!-- Generated by org.testng.reporters.JUnitXMLReporter -->
<testsuite ignored="2" hostname="mayur" failures="0" tests="1" name="Default test" time="31.534" errors="0" timestamp="06 Jun 2024 11:22:56 GMT">
  <testcase classname="jarvis.TestCases" name="m2" time="11.229"/>
  <testcase classname="jarvis.TestCases" name="usingPageObjectModel" time="0.0">
    <ignored/>
  </testcase> <!-- usingPageObjectModel -->
  <testcase classname="jarvis.TestCases" name="m1" time="0.0">
    <ignored/>
  </testcase> <!-- m1 -->
</testsuite> <!-- Default test -->
