<?xml version="1.0" encoding="UTF-8"?>
<testng-results ignored="2" total="3" passed="1" failed="0" skipped="0">
  <reporter-output>
  </reporter-output>
  <suite started-at="2024-06-06T11:22:25Z" name="Default suite" finished-at="2024-06-06T11:22:56Z" duration-ms="31534">
    <groups>
    </groups>
    <test started-at="2024-06-06T11:22:25Z" name="Default test" finished-at="2024-06-06T11:22:56Z" duration-ms="31534">
      <class name="jarvis.TestCases">
        <test-method is-config="true" signature="setUp()[pri:0, instance:jarvis.TestCases@12359a82]" started-at="2024-06-06T11:22:25Z" name="setUp" finished-at="2024-06-06T11:22:39Z" duration-ms="14148" status="PASS">
          <reporter-output>
          </reporter-output>
        </test-method> <!-- setUp -->
        <test-method signature="m2()[pri:2, instance:jarvis.TestCases@12359a82]" started-at="2024-06-06T11:22:39Z" name="m2" finished-at="2024-06-06T11:22:50Z" duration-ms="11229" status="PASS">
          <reporter-output>
          </reporter-output>
        </test-method> <!-- m2 -->
        <test-method is-config="true" signature="tearDown()[pri:0, instance:jarvis.TestCases@12359a82]" started-at="2024-06-06T11:22:50Z" name="tearDown" finished-at="2024-06-06T11:22:56Z" duration-ms="6111" status="PASS">
          <reporter-output>
          </reporter-output>
        </test-method> <!-- tearDown -->
      </class> <!-- jarvis.TestCases -->
    </test> <!-- Default test -->
  </suite> <!-- Default suite -->
</testng-results>
